# JRE version: OpenJDK Runtime Environment Corretto-21.0.0.35.1 (21.0+35) (build 21+35-LTS)
# Java VM: OpenJDK 64-Bit Server VM Corretto-21.0.0.35.1 (21+35-LTS, mixed mode, sharing, tiered, compressed oops, compressed class ptrs, g1 gc, windows-amd64)
GC Precious Log:
 CardTable entry size: 512
 Card Set container configuration: InlinePtr #cards 5 size 8 Array Of Cards #cards 12 size 40 Howl #buckets 4 coarsen threshold 1843 Howl Bitmap #cards 512 size 80 coarsen threshold 460 Card regions per heap region 1 cards per card region 2048
 CPUs: 4 total, 4 available
 Memory: 8071M
 Large Page Support: Disabled
 NUMA Support: Disabled
 Compressed Oops: Enabled (32-bit)
 Heap Region Size: 1M
 Heap Min Capacity: 256M
 Heap Initial Capacity: 256M
 Heap Max Capacity: 512M
 Pre-touch: Disabled
 Parallel Workers: 4
 Concurrent Workers: 1
 Concurrent Refinement Workers: 4
 Periodic GC: Disabled
Heap:
 garbage-first heap   total 262144K, used 209783K [0x00000000e0000000, 0x0000000100000000)
  region size 1024K, 115 young (117760K), 12 survivors (12288K)
 Metaspace       used 79234K, committed 81280K, reserved 458752K
  class space    used 9988K, committed 11328K, reserved 327680K
GC Heap History (20 events):
Event: 4552.358 GC heap before
{Heap before GC invocations=70 (full 0):
 garbage-first heap   total 262144K, used 226127K [0x00000000e0000000, 0x0000000100000000)
  region size 1024K, 139 young (142336K), 19 survivors (19456K)
 Metaspace       used 82921K, committed 84352K, reserved 458752K
  class space    used 10488K, committed 11200K, reserved 327680K
}
Event: 4552.372 GC heap after
{Heap after GC invocations=71 (full 0):
 garbage-first heap   total 262144K, used 95163K [0x00000000e0000000, 0x0000000100000000)
  region size 1024K, 7 young (7168K), 7 survivors (7168K)
 Metaspace       used 82921K, committed 84352K, reserved 458752K
  class space    used 10488K, committed 11200K, reserved 327680K
}
Event: 4580.492 GC heap before
{Heap before GC invocations=71 (full 0):
 garbage-first heap   total 262144K, used 230331K [0x00000000e0000000, 0x0000000100000000)
  region size 1024K, 140 young (143360K), 7 survivors (7168K)
 Metaspace       used 82927K, committed 84352K, reserved 458752K
  class space    used 10488K, committed 11200K, reserved 327680K
}
Event: 4580.509 GC heap after
{Heap after GC invocations=72 (full 0):
 garbage-first heap   total 262144K, used 97471K [0x00000000e0000000, 0x0000000100000000)
  region size 1024K, 9 young (9216K), 9 survivors (9216K)
 Metaspace       used 82927K, committed 84352K, reserved 458752K
  class space    used 10488K, committed 11200K, reserved 327680K
}
Event: 4885.173 GC heap before
{Heap before GC invocations=72 (full 0):
 garbage-first heap   total 262144K, used 231615K [0x00000000e0000000, 0x0000000100000000)
  region size 1024K, 141 young (144384K), 9 survivors (9216K)
 Metaspace       used 82931K, committed 84352K, reserved 458752K
  class space    used 10488K, committed 11200K, reserved 327680K
}
Event: 4885.186 GC heap after
{Heap after GC invocations=73 (full 0):
 garbage-first heap   total 262144K, used 96080K [0x00000000e0000000, 0x0000000100000000)
  region size 1024K, 8 young (8192K), 8 survivors (8192K)
 Metaspace       used 82931K, committed 84352K, reserved 458752K
  class space    used 10488K, committed 11200K, reserved 327680K
}
Event: 4950.614 GC heap before
{Heap before GC invocations=73 (full 0):
 garbage-first heap   total 262144K, used 234320K [0x00000000e0000000, 0x0000000100000000)
  region size 1024K, 142 young (145408K), 8 survivors (8192K)
 Metaspace       used 84421K, committed 85888K, reserved 458752K
  class space    used 10651K, committed 11392K, reserved 327680K
}
Event: 4950.630 GC heap after
{Heap after GC invocations=74 (full 0):
 garbage-first heap   total 262144K, used 97410K [0x00000000e0000000, 0x0000000100000000)
  region size 1024K, 8 young (8192K), 8 survivors (8192K)
 Metaspace       used 84421K, committed 85888K, reserved 458752K
  class space    used 10651K, committed 11392K, reserved 327680K
}
Event: 4951.968 GC heap before
{Heap before GC invocations=74 (full 0):
 garbage-first heap   total 262144K, used 235650K [0x00000000e0000000, 0x0000000100000000)
  region size 1024K, 142 young (145408K), 8 survivors (8192K)
 Metaspace       used 84921K, committed 86400K, reserved 458752K
  class space    used 10708K, committed 11456K, reserved 327680K
}
Event: 4951.995 GC heap after
{Heap after GC invocations=75 (full 0):
 garbage-first heap   total 262144K, used 109955K [0x00000000e0000000, 0x0000000100000000)
  region size 1024K, 18 young (18432K), 18 survivors (18432K)
 Metaspace       used 84921K, committed 86400K, reserved 458752K
  class space    used 10708K, committed 11456K, reserved 327680K
}
Event: 4979.959 GC heap before
{Heap before GC invocations=75 (full 0):
 garbage-first heap   total 262144K, used 227715K [0x00000000e0000000, 0x0000000100000000)
  region size 1024K, 134 young (137216K), 18 survivors (18432K)
 Metaspace       used 85865K, committed 87360K, reserved 458752K
  class space    used 10818K, committed 11520K, reserved 327680K
}
Event: 4979.991 GC heap after
{Heap after GC invocations=76 (full 0):
 garbage-first heap   total 262144K, used 115667K [0x00000000e0000000, 0x0000000100000000)
  region size 1024K, 10 young (10240K), 10 survivors (10240K)
 Metaspace       used 85865K, committed 87360K, reserved 458752K
  class space    used 10818K, committed 11520K, reserved 327680K
}
Event: 5008.119 GC heap before
{Heap before GC invocations=76 (full 0):
 garbage-first heap   total 262144K, used 229331K [0x00000000e0000000, 0x0000000100000000)
  region size 1024K, 122 young (124928K), 10 survivors (10240K)
 Metaspace       used 85868K, committed 87424K, reserved 458752K
  class space    used 10818K, committed 11520K, reserved 327680K
}
Event: 5008.200 GC heap after
{Heap after GC invocations=77 (full 0):
 garbage-first heap   total 262144K, used 117760K [0x00000000e0000000, 0x0000000100000000)
  region size 1024K, 10 young (10240K), 10 survivors (10240K)
 Metaspace       used 85868K, committed 87424K, reserved 458752K
  class space    used 10818K, committed 11520K, reserved 327680K
}
Event: 5182.645 GC heap before
{Heap before GC invocations=78 (full 0):
 garbage-first heap   total 262144K, used 229376K [0x00000000e0000000, 0x0000000100000000)
  region size 1024K, 121 young (123904K), 10 survivors (10240K)
 Metaspace       used 74917K, committed 80576K, reserved 458752K
  class space    used 9456K, committed 11328K, reserved 327680K
}
Event: 5182.662 GC heap after
{Heap after GC invocations=79 (full 0):
 garbage-first heap   total 262144K, used 117159K [0x00000000e0000000, 0x0000000100000000)
  region size 1024K, 10 young (10240K), 10 survivors (10240K)
 Metaspace       used 74917K, committed 80576K, reserved 458752K
  class space    used 9456K, committed 11328K, reserved 327680K
}
Event: 5234.676 GC heap before
{Heap before GC invocations=79 (full 0):
 garbage-first heap   total 262144K, used 231847K [0x00000000e0000000, 0x0000000100000000)
  region size 1024K, 121 young (123904K), 10 survivors (10240K)
 Metaspace       used 76345K, committed 80576K, reserved 458752K
  class space    used 9621K, committed 11328K, reserved 327680K
}
Event: 5234.722 GC heap after
{Heap after GC invocations=80 (full 0):
 garbage-first heap   total 262144K, used 100373K [0x00000000e0000000, 0x0000000100000000)
  region size 1024K, 6 young (6144K), 6 survivors (6144K)
 Metaspace       used 76345K, committed 80576K, reserved 458752K
  class space    used 9621K, committed 11328K, reserved 327680K
}
Event: 5238.172 GC heap before
{Heap before GC invocations=80 (full 0):
 garbage-first heap   total 262144K, used 218133K [0x00000000e0000000, 0x0000000100000000)
  region size 1024K, 122 young (124928K), 6 survivors (6144K)
 Metaspace       used 76436K, committed 80576K, reserved 458752K
  class space    used 9631K, committed 11328K, reserved 327680K
}
Event: 5238.191 GC heap after
{Heap after GC invocations=81 (full 0):
 garbage-first heap   total 262144K, used 105335K [0x00000000e0000000, 0x0000000100000000)
  region size 1024K, 12 young (12288K), 12 survivors (12288K)
 Metaspace       used 76436K, committed 80576K, reserved 458752K
  class space    used 9631K, committed 11328K, reserved 327680K
}

